C:\USERS\JOSHUA\DOCUMENTS\VISUAL STUDIO 2012\PROJECTS\ROOT_ANALYSIS\ROOT_ANALYSIS\ROOT_FILE_HANDLER.OBJ
C:\USERS\JOSHUA\DOCUMENTS\VISUAL STUDIO 2012\PROJECTS\ROOT_ANALYSIS\ROOT_ANALYSIS\ROOT_ANALYSIS.OBJ
C:\USERS\JOSHUA\DOCUMENTS\VISUAL STUDIO 2012\PROJECTS\ROOT_ANALYSIS\ROOT_ANALYSIS\CONSOLE.OBJ
C:\USERS\JOSHUA\DOCUMENTS\VISUAL STUDIO 2012\PROJECTS\ROOT_ANALYSIS\ROOT_ANALYSIS\VC110.PDB
C:\USERS\JOSHUA\DOCUMENTS\VISUAL STUDIO 2012\PROJECTS\ROOT_ANALYSIS\ROOT_ANALYSIS\ROOT_ANALYSIS.EXE
C:\Users\Joshua\documents\visual studio 2012\Projects\Root_Analysis\Root_Analysis\console.obj
C:\Users\Joshua\documents\visual studio 2012\Projects\Root_Analysis\Root_Analysis\Root_Analysis.obj
C:\Users\Joshua\documents\visual studio 2012\Projects\Root_Analysis\Root_Analysis\Root_file_handler.obj
C:\Users\Joshua\documents\visual studio 2012\Projects\Root_Analysis\Root_Analysis\cl.command.1.tlog
C:\Users\Joshua\documents\visual studio 2012\Projects\Root_Analysis\Root_Analysis\CL.read.1.tlog
C:\Users\Joshua\documents\visual studio 2012\Projects\Root_Analysis\Root_Analysis\CL.write.1.tlog
C:\Users\Joshua\documents\visual studio 2012\Projects\Root_Analysis\Root_Analysis\link-cvtres.read.1.tlog
C:\Users\Joshua\documents\visual studio 2012\Projects\Root_Analysis\Root_Analysis\link-cvtres.write.1.tlog
C:\Users\Joshua\documents\visual studio 2012\Projects\Root_Analysis\Root_Analysis\link-rc.read.1.tlog
C:\Users\Joshua\documents\visual studio 2012\Projects\Root_Analysis\Root_Analysis\link-rc.write.1.tlog
C:\Users\Joshua\documents\visual studio 2012\Projects\Root_Analysis\Root_Analysis\link.command.1.tlog
C:\Users\Joshua\documents\visual studio 2012\Projects\Root_Analysis\Root_Analysis\link.read.1.tlog
C:\Users\Joshua\documents\visual studio 2012\Projects\Root_Analysis\Root_Analysis\link.write.1.tlog
C:\Users\Joshua\documents\visual studio 2012\Projects\Root_Analysis\Root_Analysis\vc110.pdb
C:\Users\Joshua\documents\visual studio 2012\Projects\Root_Analysis\Root_Analysis\.\Root_Analysis.exe
